<?xml version="1.0" encoding="UTF-8"?>
<testsuite xmlns:xsi="http://www.w3.org/2001/XMLSchema-instance" xsi:noNamespaceSchemaLocation="https://maven.apache.org/surefire/maven-surefire-plugin/xsd/surefire-test-report.xsd" name="ru.praktikumservices.qascooter.LoginCourierIncorrectLoginPasswordTest" time="3.65" tests="4" errors="0" skipped="0" failures="0">
  <properties>
[...]
</properties>
  <testcase name="authorizationCourierIncorrectPasswordCheckStatusCode404Error" classname="ru.praktikumservices.qascooter.LoginCourierIncorrectLoginPasswordTest" time="0.961"/>
  <testcase name="authorizationCourierIncorrectLoginCheckStatusCode404Error" classname="ru.praktikumservices.qascooter.LoginCourierIncorrectLoginPasswordTest" time="0.881"/>
  <testcase name="authorizationCourierWithoutPasswordCheckStatusCode400Error" classname="ru.praktikumservices.qascooter.LoginCourierIncorrectLoginPasswordTest" time="0.885"/>
  <testcase name="authorizationCourierWithoutLoginCheckStatusCode400Error" classname="ru.praktikumservices.qascooter.LoginCourierIncorrectLoginPasswordTest" time="0.904"/>
</testsuite>